<?xml version="1.0" encoding="UTF-8"?>
<testsuite name="eric.microservices.composite.product.ProductApplicationTests" tests="4" skipped="0" failures="0" errors="0" timestamp="2024-03-14T15:16:32" hostname="Home-Ubuntu" time="0.617">
  <properties/>
  <testcase name="getProductById()" classname="eric.microservices.composite.product.ProductApplicationTests" time="0.531"/>
  <testcase name="getProductInvalidInput()" classname="eric.microservices.composite.product.ProductApplicationTests" time="0.045"/>
  <testcase name="contextLoads()" classname="eric.microservices.composite.product.ProductApplicationTests" time="0.011"/>
  <testcase name="getProductNotFound()" classname="eric.microservices.composite.product.ProductApplicationTests" time="0.021"/>
  <system-out><![CDATA[16:16:27.696 [Test worker] INFO org.springframework.test.context.support.AnnotationConfigContextLoaderUtils -- Could not detect default configuration classes for test class [eric.microservices.composite.product.ProductApplicationTests]: ProductApplicationTests does not declare any static, non-private, non-final, nested classes annotated with @Configuration.
16:16:27.860 [Test worker] INFO org.springframework.boot.test.context.SpringBootTestContextBootstrapper -- Found @SpringBootConfiguration eric.microservices.composite.product.CompositeProductApplication for test class eric.microservices.composite.product.ProductApplicationTests

  .   ____          _            __ _ _
 /\\ / ___'_ __ _ _(_)_ __  __ _ \ \ \ \
( ( )\___ | '_ | '_| | '_ \/ _` | \ \ \ \
 \\/  ___)| |_)| | | | | || (_| |  ) ) ) )
  '  |____| .__|_| |_|_| |_\__, | / / / /
 =========|_|==============|___/=/_/_/_/
 :: Spring Boot ::                (v3.2.3)

2024-03-14T16:16:28.436+01:00  INFO 37263 --- [composite] [    Test worker] e.m.c.product.ProductApplicationTests    : Starting ProductApplicationTests using Java 17.0.10 with PID 37263 (started by eric in /home/eric/Software/Java/springboot3/microservices/composite)
2024-03-14T16:16:28.437+01:00 DEBUG 37263 --- [composite] [    Test worker] e.m.c.product.ProductApplicationTests    : Running with Spring Boot v3.2.3, Spring v6.1.4
2024-03-14T16:16:28.439+01:00  INFO 37263 --- [composite] [    Test worker] e.m.c.product.ProductApplicationTests    : No active profile set, falling back to 1 default profile: "default"
2024-03-14T16:16:31.642+01:00  INFO 37263 --- [composite] [    Test worker] o.s.b.a.e.web.EndpointLinksResolver      : Exposing 1 endpoint(s) beneath base path '/actuator'
2024-03-14T16:16:32.251+01:00  INFO 37263 --- [composite] [    Test worker] o.s.b.web.embedded.netty.NettyWebServer  : Netty started on port 37015
2024-03-14T16:16:32.284+01:00  INFO 37263 --- [composite] [    Test worker] e.m.c.product.ProductApplicationTests    : Started ProductApplicationTests in 4.246 seconds (process running for 5.672)
2024-03-14T16:16:32.728+01:00 DEBUG 37263 --- [composite] [or-http-epoll-4] e.m.c.p.s.ProductCompositeServiceImpl    : Call integration.getProduct
2024-03-14T16:16:32.730+01:00 DEBUG 37263 --- [composite] [or-http-epoll-4] e.m.c.p.s.ProductCompositeServiceImpl    : Call integration.getRecommendations
2024-03-14T16:16:32.731+01:00 DEBUG 37263 --- [composite] [or-http-epoll-4] e.m.c.p.s.ProductCompositeServiceImpl    : Call integration.getReviews
2024-03-14T16:16:32.732+01:00 DEBUG 37263 --- [composite] [or-http-epoll-4] e.m.c.p.s.ProductCompositeServiceImpl    : Create and return ProductAggregate
2024-03-14T16:16:32.916+01:00 DEBUG 37263 --- [composite] [or-http-epoll-4] e.m.c.p.s.ProductCompositeServiceImpl    : Call integration.getProduct
2024-03-14T16:16:32.928+01:00  WARN 37263 --- [composite] [or-http-epoll-4] e.u.h.GlobalControllerExceptionHandler   : handleInvalidInputException. Build HTTP UNPROCESSABLE_ENTITY response
2024-03-14T16:16:32.928+01:00  WARN 37263 --- [composite] [or-http-epoll-4] e.u.h.GlobalControllerExceptionHandler   : Returning HTTP status: 422 UNPROCESSABLE_ENTITY for path: /product-composite/3, message: INVALID: 3
2024-03-14T16:16:32.975+01:00 DEBUG 37263 --- [composite] [or-http-epoll-4] e.m.c.p.s.ProductCompositeServiceImpl    : Call integration.getProduct
2024-03-14T16:16:32.977+01:00  WARN 37263 --- [composite] [or-http-epoll-4] e.u.h.GlobalControllerExceptionHandler   : handleNotFoundExceptions. Build HTTP NOT_FOUND response
2024-03-14T16:16:32.977+01:00  WARN 37263 --- [composite] [or-http-epoll-4] e.u.h.GlobalControllerExceptionHandler   : Returning HTTP status: 404 NOT_FOUND for path: /product-composite/2, message: NOT FOUND: 2
]]></system-out>
  <system-err><![CDATA[]]></system-err>
</testsuite>
